<?xml version="1.0" encoding="UTF-8"?>
<!-- Generated by org.testng.reporters.JUnitXMLReporter -->
<testsuite ignored="1" hostname="Omar" failures="0" tests="3" name="Default test" time="18.003" errors="0" timestamp="2024-10-28T15:34:19 GMT+03:00">
  <testcase classname="FourthTest" name="signup" time="8.542"/>
  <testcase classname="FourthTest" name="Logout" time="2.581"/>
  <testcase classname="FourthTest" name="Login" time="5.853"/>
  <testcase classname="FourthTest" name="AddtoCart" time="0.0">
    <ignored/>
  </testcase> <!-- AddtoCart -->
</testsuite> <!-- Default test -->
