<?xml version="1.0" encoding="UTF-8"?>
<testng-results ignored="1" total="4" passed="3" failed="0" skipped="0">
  <reporter-output>
  </reporter-output>
  <suite started-at="2024-10-28T15:34:01 GMT+03:00" name="Default suite" finished-at="2024-10-28T15:34:19 GMT+03:00" duration-ms="18003">
    <groups>
    </groups>
    <test started-at="2024-10-28T15:34:01 GMT+03:00" name="Default test" finished-at="2024-10-28T15:34:19 GMT+03:00" duration-ms="18003">
      <class name="FourthTest">
        <test-method is-config="true" signature="setUp()[pri:0, instance:FourthTest@681a8b4e]" started-at="2024-10-28T15:34:01 GMT+03:00" name="setUp" finished-at="2024-10-28T15:34:02 GMT+03:00" duration-ms="1003" status="PASS">
          <reporter-output>
          </reporter-output>
        </test-method> <!-- setUp -->
        <test-method signature="signup()[pri:1, instance:FourthTest@681a8b4e]" started-at="2024-10-28T15:34:02 GMT+03:00" name="signup" finished-at="2024-10-28T15:34:11 GMT+03:00" duration-ms="8542" status="PASS">
          <reporter-output>
          </reporter-output>
        </test-method> <!-- signup -->
        <test-method signature="Logout()[pri:2, instance:FourthTest@681a8b4e]" started-at="2024-10-28T15:34:11 GMT+03:00" name="Logout" finished-at="2024-10-28T15:34:13 GMT+03:00" duration-ms="2581" status="PASS">
          <reporter-output>
          </reporter-output>
        </test-method> <!-- Logout -->
        <test-method signature="Login()[pri:3, instance:FourthTest@681a8b4e]" started-at="2024-10-28T15:34:13 GMT+03:00" name="Login" finished-at="2024-10-28T15:34:19 GMT+03:00" duration-ms="5853" status="PASS">
          <reporter-output>
          </reporter-output>
        </test-method> <!-- Login -->
      </class> <!-- FourthTest -->
    </test> <!-- Default test -->
  </suite> <!-- Default suite -->
</testng-results>
